<?xml version="1.0" encoding="UTF-8"?>
<testng-results total="2" passed="2" failed="0" skipped="0">
  <reporter-output>
  </reporter-output>
  <suite started-at="2022-11-15T18:35:06Z" name="Default suite" finished-at="2022-11-15T18:35:17Z" duration-ms="10374">
    <groups>
    </groups>
    <test started-at="2022-11-15T18:35:06Z" name="Default test" finished-at="2022-11-15T18:35:17Z" duration-ms="10374">
      <class name="testpackage.seleniumDockerExecution">
        <test-method signature="sample1()[pri:0, instance:testpackage.seleniumDockerExecution@65c7a252]" started-at="2022-11-16T00:05:06Z" name="sample1" finished-at="2022-11-16T00:05:17Z" duration-ms="10356" status="PASS">
          <reporter-output>
          </reporter-output>
        </test-method> <!-- sample1 -->
        <test-method signature="sample2()[pri:0, instance:testpackage.seleniumDockerExecution@65c7a252]" started-at="2022-11-16T00:05:17Z" name="sample2" finished-at="2022-11-16T00:05:17Z" duration-ms="1" status="PASS">
          <reporter-output>
          </reporter-output>
        </test-method> <!-- sample2 -->
      </class> <!-- testpackage.seleniumDockerExecution -->
    </test> <!-- Default test -->
  </suite> <!-- Default suite -->
</testng-results>
