<?xml version="1.0" encoding="UTF-8"?>
<testng-results total="1" passed="1" failed="0" skipped="0">
  <reporter-output>
  </reporter-output>
  <suite started-at="2022-11-07T18:26:21Z" name="Default suite" finished-at="2022-11-07T18:26:21Z" duration-ms="26">
    <groups>
    </groups>
    <test started-at="2022-11-07T18:26:21Z" name="Default test" finished-at="2022-11-07T18:26:21Z" duration-ms="26">
      <class name="testpackage.seleniumDockerExecution">
        <test-method signature="sample2()[pri:0, instance:testpackage.seleniumDockerExecution@38cee291]" started-at="2022-11-07T23:56:21Z" name="sample2" finished-at="2022-11-07T23:56:21Z" duration-ms="12" status="PASS">
          <reporter-output>
          </reporter-output>
        </test-method> <!-- sample2 -->
      </class> <!-- testpackage.seleniumDockerExecution -->
    </test> <!-- Default test -->
  </suite> <!-- Default suite -->
</testng-results>
